#
# A fatal error has been detected by the Java Runtime Environment:
#
#  Internal Error (classFileParser.cpp:3494), pid=23704, tid=22400
#  Error: ShouldNotReachHere()
#
# JRE version: 6.0_43-b01
# Java VM: Java HotSpot(TM) Client VM (20.14-b01 mixed mode windows-x86 )
# If you would like to submit a bug report, please visit:
#   http://java.sun.com/webapps/bugreport/crash.jsp
#

---------------  T H R E A D  ---------------

Current thread (0x01d4a000):  JavaThread "Unknown thread" [_thread_in_vm, id=22400, stack(0x00290000,0x002e0000)]

Stack: [0x00290000,0x002e0000],  sp=0x002df86c,  free space=318k
Native frames: (J=compiled Java code, j=interpreted, Vv=VM code, C=native code)
V  [jvm.dll+0x13490a]
V  [jvm.dll+0x12f3fb]
V  [jvm.dll+0x1676e]
V  [jvm.dll+0x17faf]
V  [jvm.dll+0x27565]
V  [jvm.dll+0x27da6]
V  [jvm.dll+0x28155]
V  [jvm.dll+0x281e9]
V  [jvm.dll+0x282ac]
V  [jvm.dll+0x2832a]
V  [jvm.dll+0x2840d]
V  [jvm.dll+0x286d9]
V  [jvm.dll+0x6cdd3]
V  [jvm.dll+0x6d1ac]
V  [jvm.dll+0xfa79c]
V  [jvm.dll+0x1190eb]
V  [jvm.dll+0x9f4e0]
C  [javaw.exe+0x1657]
C  [javaw.exe+0x1e2c]
C  [javaw.exe+0x8624]
C  [KERNEL32.dll+0x1336a]  BaseThreadInitThunk+0x12
C  [ntdll.dll+0x39f72]  RtlInitializeExceptionChain+0x63
C  [ntdll.dll+0x39f45]  RtlInitializeExceptionChain+0x36


---------------  P R O C E S S  ---------------

Java Threads: ( => current thread )

Other Threads:

=>0x01d4a000 (exited) JavaThread "Unknown thread" [_thread_in_vm, id=22400, stack(0x00290000,0x002e0000)]

VM state:not at safepoint (not fully initialized)

VM Mutex/Monitor currently owned by a thread: None

Dynamic libraries:
0x00400000 - 0x00425000 	F:\Program Files(x86)\Java\jdk1.6.0_43\bin\javaw.exe
0x77be0000 - 0x77d60000 	C:\Windows\SysWOW64\ntdll.dll
0x73440000 - 0x7347f000 	E:\avast\snxhk.dll
0x77040000 - 0x77150000 	C:\Windows\syswow64\KERNEL32.dll
0x76ff0000 - 0x77037000 	C:\Windows\syswow64\KERNELBASE.dll
0x771e0000 - 0x77280000 	C:\Windows\syswow64\ADVAPI32.dll
0x75e10000 - 0x75ebc000 	C:\Windows\syswow64\msvcrt.dll
0x76d80000 - 0x76d99000 	C:\Windows\SysWOW64\sechost.dll
0x76f00000 - 0x76ff0000 	C:\Windows\syswow64\RPCRT4.dll
0x75600000 - 0x75660000 	C:\Windows\syswow64\SspiCli.dll
0x755f0000 - 0x755fc000 	C:\Windows\syswow64\CRYPTBASE.dll
0x77280000 - 0x77380000 	C:\Windows\syswow64\USER32.dll
0x76e70000 - 0x76f00000 	C:\Windows\syswow64\GDI32.dll
0x76bc0000 - 0x76bca000 	C:\Windows\syswow64\LPK.dll
0x76ce0000 - 0x76d7d000 	C:\Windows\syswow64\USP10.dll
0x75ae0000 - 0x75b40000 	C:\Windows\system32\IMM32.DLL
0x77550000 - 0x7761c000 	C:\Windows\syswow64\MSCTF.dll
0x74330000 - 0x74365000 	c:\windows\syswow64\nvinit.dll
0x7c340000 - 0x7c396000 	F:\Program Files(x86)\Java\jdk1.6.0_43\jre\bin\msvcr71.dll
0x6d8c0000 - 0x6db70000 	F:\Program Files(x86)\Java\jdk1.6.0_43\jre\bin\client\jvm.dll
0x71e00000 - 0x71e32000 	C:\Windows\system32\WINMM.dll
0x750f0000 - 0x7513c000 	C:\Windows\system32\apphelp.dll
0x6d870000 - 0x6d87c000 	F:\Program Files(x86)\Java\jdk1.6.0_43\jre\bin\verify.dll
0x6d3d0000 - 0x6d3ef000 	F:\Program Files(x86)\Java\jdk1.6.0_43\jre\bin\java.dll
0x6d8b0000 - 0x6d8bf000 	F:\Program Files(x86)\Java\jdk1.6.0_43\jre\bin\zip.dll
0x003e0000 - 0x003e5000 	C:\Windows\system32\PSAPI.DLL

VM Arguments:
jvm_args: -Dfile.encoding=GBK -Xbootclasspath:E:\Android SDK\adt-bundle-windows-x86-20131030\adt-bundle-windows-x86-20131030\sdk\platforms\android-15\android.jar 
java_command: com.cesi.analysexml.ParseXml
Launcher Type: SUN_STANDARD

Environment Variables:
JAVA_HOME=F:\Program Files(x86)\Java\jdk1.6.0_43
CLASSPATH=.;F:\Program Files(x86)\Java\jdk1.6.0_43\lib\dt.jar;F:\Program Files(x86)\Java\jdk1.6.0_43\lib\tools.jar;F:\apache-tomcat-6.0.37\lib\servlet-api.jar;F:\Program Files(x86)\Java\jre6\lib\ext\QTJava.zip
PATH=F:/Program Files(x86)/Java/jdk1.6.0_43/bin/../jre/bin/client;F:/Program Files(x86)/Java/jdk1.6.0_43/bin/../jre/bin;F:/Program Files(x86)/Java/jdk1.6.0_43/bin/../jre/lib/i386;F:\Program Files(x86)\Java\jdk1.6.0_43\bin;F:\Program Files(x86)\Java\jdk1.6.0_43\jre\bin;C:\Windows\system32;C:\Windows;C:\Windows\System32\Wbem;C:\Windows\System32\WindowsPowerShell\v1.0\;F:\grails-2.2.4\grails-2.2.4\bin;F:\mysql\bin;E:\mysql2\bin;c:\Program Files (x86)\Microsoft SQL Server\90\Tools\binn\;F:\mysqlproxy\mysql-proxy-0.8.2-win32-x86\bin;F:\apache-tomcat-6.0.37\bin;C:\Users\ThinkPad\AppData\Roaming\npm;C:\Program Files\Intel\WiFi\bin\;C:\Program Files\Common Files\Intel\WirelessCommon\;E:\Android SDK\adt-bundle-windows-x86-20131030\adt-bundle-windows-x86-20131030\eclipse;
USERNAME=ThinkPad
OS=Windows_NT
PROCESSOR_IDENTIFIER=Intel64 Family 6 Model 42 Stepping 7, GenuineIntel



---------------  S Y S T E M  ---------------

OS: Windows 7 , 64 bit Build 7601 Service Pack 1

CPU:total 4 (2 cores per cpu, 2 threads per core) family 6 model 42 stepping 7, cmov, cx8, fxsr, mmx, sse, sse2, sse3, ssse3, sse4.1, sse4.2, popcnt, ht

Memory: 4k page, physical 1676784k(98436k free), swap 5157244k(493584k free)

vm_info: Java HotSpot(TM) Client VM (20.14-b01) for windows-x86 JRE (1.6.0_43-b01), built on Mar  1 2013 02:51:23 by "java_re" with MS VC++ 7.1 (VS2003)

time: Sun Nov 17 19:30:31 2013
elapsed time: 0 seconds

